<?xml version="1.0" encoding="UTF-8"?>
<!-- Generated by org.testng.reporters.JUnitReportReporter -->
<testsuite hostname="tejaswinipa-mbp.local" failures="0" tests="1" name="com.test.FieldMapTest2" time="48.279" errors="0" timestamp="2021-12-31T11:55:02 IST" skipped="0">
  <testcase classname="com.test.FieldMapTest2" name="FieldTest" time="48.279"/>
  <system-out/>
</testsuite> <!-- com.test.FieldMapTest2 -->
