<?xml version="1.0" encoding="UTF-8"?>
<!-- Generated by org.testng.reporters.JUnitReportReporter -->
<testsuite hostname="tejaswinipa-mbp.local" failures="0" tests="1" name="com.test.LoginTest" time="42.377" errors="0" timestamp="2022-01-28T11:00:13 IST" skipped="0">
  <testcase classname="com.test.LoginTest" name="LoginPage" time="42.377"/>
  <system-out/>
</testsuite> <!-- com.test.LoginTest -->
